<?xml version="1.0" encoding="UTF-8"?>
<!-- Generated by org.testng.reporters.JUnitReportReporter -->
<testsuite hostname="ecs-f03a.novalocal" name="websocket.WebsocketDemoApplicationTests" tests="1" failures="0" timestamp="13 Sep 2019 10:07:31 GMT" time="0.597" errors="0">
  <testcase name="stompTest" time="0.597" classname="websocket.WebsocketDemoApplicationTests"/>
</testsuite> <!-- websocket.WebsocketDemoApplicationTests -->
