<?xml version="1.0" encoding="UTF-8"?>
<!-- Generated by org.testng.reporters.JUnitReportReporter -->
<testsuite hostname="ecs-9379.novalocal" name="websocket.WebsocketDemoApplicationTests" tests="1" failures="0" timestamp="22 Jul 2019 07:36:01 GMT" time="0.996" errors="0">
  <testcase name="stompTest" time="0.996" classname="websocket.WebsocketDemoApplicationTests"/>
</testsuite> <!-- websocket.WebsocketDemoApplicationTests -->
